2025-11-10 01:22:25,092 INFO Starting non-destructive phase
2025-11-10 01:22:25,093 INFO Passive recon done
2025-11-10 01:22:25,093 INFO Active recon done
2025-11-10 01:22:25,093 INFO Crawl done, found 0 pages
2025-11-10 01:22:25,094 INFO Fingerprint done
2025-11-10 01:22:25,094 INFO Discovered 0 parameterized endpoints
2025-11-10 01:22:25,094 INFO Form testing done, results: 0
2025-11-10 01:22:25,094 INFO Running external adapters (only_non_destructive=True)
2025-11-10 01:22:25,094 INFO Running adapter: amass (destructive=False)
2025-11-10 01:22:25,095 INFO Adapter amass: wrote runs/testphp.vulnweb.com/run-mhs4qnko-4arej/generated/tools/amass.json
2025-11-10 01:22:25,095 INFO Running adapter: arachni (destructive=False)
2025-11-10 01:22:25,095 INFO Adapter arachni: wrote runs/testphp.vulnweb.com/run-mhs4qnko-4arej/generated/tools/arachni.json
2025-11-10 01:22:25,095 INFO Running adapter: boofuzz (destructive=False)
2025-11-10 01:22:25,095 INFO Adapter boofuzz: wrote runs/testphp.vulnweb.com/run-mhs4qnko-4arej/generated/tools/boofuzz.json
2025-11-10 01:22:25,096 INFO Running adapter: certspotter (destructive=False)
2025-11-10 01:22:25,096 INFO Adapter certspotter: wrote runs/testphp.vulnweb.com/run-mhs4qnko-4arej/generated/tools/certspotter.json
2025-11-10 01:22:25,096 INFO Skipping destructive-capable adapter commix (safety gate)
2025-11-10 01:22:25,096 INFO Running adapter: crtsh (destructive=False)
2025-11-10 01:22:25,097 INFO Adapter crtsh: wrote runs/testphp.vulnweb.com/run-mhs4qnko-4arej/generated/tools/crtsh.json
2025-11-10 01:22:25,097 INFO Running adapter: dalfox (destructive=False)
2025-11-10 01:22:25,097 INFO Adapter dalfox: wrote runs/testphp.vulnweb.com/run-mhs4qnko-4arej/generated/tools/dalfox.json
2025-11-10 01:22:25,097 INFO Running adapter: dirb (destructive=False)
2025-11-10 01:23:25,162 INFO Adapter dirb: wrote runs/testphp.vulnweb.com/run-mhs4qnko-4arej/generated/tools/dirb.json
2025-11-10 01:23:25,162 INFO Running adapter: enum4linux (destructive=False)
2025-11-10 01:23:25,193 INFO Adapter enum4linux: wrote runs/testphp.vulnweb.com/run-mhs4qnko-4arej/generated/tools/enum4linux.json
2025-11-10 01:23:25,194 INFO Running adapter: ffuf (destructive=False)
2025-11-10 01:23:25,199 INFO Adapter ffuf: wrote runs/testphp.vulnweb.com/run-mhs4qnko-4arej/generated/tools/ffuf.json
2025-11-10 01:23:25,199 INFO Running adapter: gitleaks (destructive=False)
2025-11-10 01:23:25,200 INFO Adapter gitleaks: wrote runs/testphp.vulnweb.com/run-mhs4qnko-4arej/generated/tools/gitleaks.json
2025-11-10 01:23:25,200 INFO Running adapter: gitrob (destructive=False)
2025-11-10 01:23:25,200 INFO Adapter gitrob: wrote runs/testphp.vulnweb.com/run-mhs4qnko-4arej/generated/tools/gitrob.json
2025-11-10 01:23:25,200 INFO Running adapter: gobuster (destructive=False)
2025-11-10 01:23:25,205 INFO Adapter gobuster: wrote runs/testphp.vulnweb.com/run-mhs4qnko-4arej/generated/tools/gobuster.json
2025-11-10 01:23:25,205 INFO Running adapter: graphql-fuzzer (destructive=False)
2025-11-10 01:23:25,206 INFO Adapter graphql-fuzzer: wrote runs/testphp.vulnweb.com/run-mhs4qnko-4arej/generated/tools/graphql-fuzzer.json
2025-11-10 01:23:25,206 INFO Skipping destructive-capable adapter hashcat (safety gate)
2025-11-10 01:23:25,206 INFO Running adapter: httprobe (destructive=False)
2025-11-10 01:23:25,206 INFO Adapter httprobe: wrote runs/testphp.vulnweb.com/run-mhs4qnko-4arej/generated/tools/httprobe.json
2025-11-10 01:23:25,206 INFO Skipping destructive-capable adapter hydra (safety gate)
2025-11-10 01:23:25,207 INFO Skipping destructive-capable adapter john (safety gate)
2025-11-10 01:23:25,207 INFO Running adapter: manager (destructive=False)
2025-11-10 01:23:25,207 INFO Adapter manager: wrote runs/testphp.vulnweb.com/run-mhs4qnko-4arej/generated/tools/manager.json
2025-11-10 01:23:25,207 INFO Running adapter: masscan (destructive=False)
2025-11-10 01:23:25,210 INFO Adapter masscan: wrote runs/testphp.vulnweb.com/run-mhs4qnko-4arej/generated/tools/masscan.json
2025-11-10 01:23:25,210 INFO Skipping destructive-capable adapter medusa (safety gate)
2025-11-10 01:23:25,210 INFO Skipping destructive-capable adapter msfconsole (safety gate)
2025-11-10 01:23:25,210 INFO Running adapter: newman (destructive=False)
2025-11-10 01:23:25,211 INFO Adapter newman: wrote runs/testphp.vulnweb.com/run-mhs4qnko-4arej/generated/tools/newman.json
2025-11-10 01:23:25,211 INFO Running adapter: nikto (destructive=False)
2025-11-10 01:23:45,613 INFO Adapter nikto: wrote runs/testphp.vulnweb.com/run-mhs4qnko-4arej/generated/tools/nikto.json
2025-11-10 01:23:45,613 INFO Running adapter: nmap (destructive=False)
2025-11-10 01:23:45,614 INFO Adapter nmap: wrote runs/testphp.vulnweb.com/run-mhs4qnko-4arej/generated/tools/nmap.json
2025-11-10 01:23:45,614 INFO Running adapter: nuclei (destructive=False)
2025-11-10 01:23:45,614 INFO Adapter nuclei: wrote runs/testphp.vulnweb.com/run-mhs4qnko-4arej/generated/tools/nuclei.json
2025-11-10 01:23:45,614 INFO Running adapter: parsers (destructive=False)
2025-11-10 01:23:45,614 INFO Adapter parsers: wrote runs/testphp.vulnweb.com/run-mhs4qnko-4arej/generated/tools/parsers.json
2025-11-10 01:23:45,614 INFO Running adapter: radamsa (destructive=False)
2025-11-10 01:23:45,615 INFO Adapter radamsa: wrote runs/testphp.vulnweb.com/run-mhs4qnko-4arej/generated/tools/radamsa.json
2025-11-10 01:23:45,615 INFO Running adapter: searchsploit (destructive=False)
2025-11-10 01:23:45,616 INFO Adapter searchsploit: wrote runs/testphp.vulnweb.com/run-mhs4qnko-4arej/generated/tools/searchsploit.json
2025-11-10 01:23:45,616 INFO Running adapter: smbclient (destructive=False)
2025-11-10 01:23:45,646 INFO Adapter smbclient: wrote runs/testphp.vulnweb.com/run-mhs4qnko-4arej/generated/tools/smbclient.json
2025-11-10 01:23:45,646 INFO Running adapter: smtp-user-enum (destructive=False)
2025-11-10 01:23:45,667 INFO Adapter smtp-user-enum: wrote runs/testphp.vulnweb.com/run-mhs4qnko-4arej/generated/tools/smtp-user-enum.json
2025-11-10 01:23:45,667 INFO Skipping destructive-capable adapter sqlmap (safety gate)
2025-11-10 01:23:45,667 INFO Running adapter: sslyze (destructive=False)
2025-11-10 01:23:45,668 INFO Adapter sslyze: wrote runs/testphp.vulnweb.com/run-mhs4qnko-4arej/generated/tools/sslyze.json
2025-11-10 01:23:45,668 INFO Running adapter: subfinder (destructive=False)
2025-11-10 01:23:45,669 INFO Adapter subfinder: wrote runs/testphp.vulnweb.com/run-mhs4qnko-4arej/generated/tools/subfinder.json
2025-11-10 01:23:45,669 INFO Running adapter: tool_config (destructive=False)
2025-11-10 01:23:45,669 INFO Adapter tool_config: wrote runs/testphp.vulnweb.com/run-mhs4qnko-4arej/generated/tools/tool_config.json
2025-11-10 01:23:45,669 INFO Running adapter: trufflehog (destructive=False)
2025-11-10 01:23:45,670 INFO Adapter trufflehog: wrote runs/testphp.vulnweb.com/run-mhs4qnko-4arej/generated/tools/trufflehog.json
2025-11-10 01:23:45,670 INFO Running adapter: unicornscan (destructive=False)
2025-11-10 01:23:45,681 INFO Adapter unicornscan: wrote runs/testphp.vulnweb.com/run-mhs4qnko-4arej/generated/tools/unicornscan.json
2025-11-10 01:23:45,682 INFO Running adapter: w3af (destructive=False)
2025-11-10 01:23:45,690 INFO Adapter w3af: wrote runs/testphp.vulnweb.com/run-mhs4qnko-4arej/generated/tools/w3af.json
2025-11-10 01:23:45,691 INFO Running adapter: wapiti (destructive=False)
2025-11-10 01:23:45,692 INFO Adapter wapiti: wrote runs/testphp.vulnweb.com/run-mhs4qnko-4arej/generated/tools/wapiti.json
2025-11-10 01:23:45,692 INFO Running adapter: wappalyzer (destructive=False)
2025-11-10 01:23:45,692 INFO Adapter wappalyzer: wrote runs/testphp.vulnweb.com/run-mhs4qnko-4arej/generated/tools/wappalyzer.json
2025-11-10 01:23:45,692 INFO Running adapter: wfuzz (destructive=False)
2025-11-10 01:23:46,414 INFO Adapter wfuzz: wrote runs/testphp.vulnweb.com/run-mhs4qnko-4arej/generated/tools/wfuzz.json
2025-11-10 01:23:46,414 INFO Running adapter: whatweb (destructive=False)
2025-11-10 01:24:02,130 INFO Adapter whatweb: wrote runs/testphp.vulnweb.com/run-mhs4qnko-4arej/generated/tools/whatweb.json
2025-11-10 01:24:02,131 INFO Skipping destructive-capable adapter wpscan (safety gate)
2025-11-10 01:24:02,131 INFO Running adapter: xsstrike (destructive=False)
2025-11-10 01:24:02,132 INFO Adapter xsstrike: wrote runs/testphp.vulnweb.com/run-mhs4qnko-4arej/generated/tools/xsstrike.json
2025-11-10 01:24:02,132 INFO Running adapter: zmap (destructive=False)
2025-11-10 01:24:02,132 INFO Adapter zmap: wrote runs/testphp.vulnweb.com/run-mhs4qnko-4arej/generated/tools/zmap.json
2025-11-10 01:24:02,133 INFO Targets to scan: 1
2025-11-10 01:24:02,141 INFO Tool parsers: added 46 findings from generated/tools
2025-11-10 01:24:02,142 INFO AI predictions attached to findings (count=46)
2025-11-10 01:24:02,142 ERROR generate_pocs_for_findings failed
Traceback (most recent call last):
  File "/home/asd/PENTEST_AI/agent.py", line 469, in run_non_destructive_phase
    spec.loader.exec_module(runner_mod)  # type: ignore
    ^^^^^^^^^^^^^^^^^^^^^^^^^^^^^^^^^^^
  File "<frozen importlib._bootstrap_external>", line 940, in exec_module
  File "<frozen importlib._bootstrap>", line 241, in _call_with_frames_removed
  File "/home/asd/PENTEST_AI/modules/poc/runner.py", line 28, in <module>
    import aiohttp
ModuleNotFoundError: No module named 'aiohttp'
2025-11-10 01:24:02,143 INFO PoCs generated: 0
2025-11-10 01:24:02,143 ERROR enhanced AI reasoning failed to run
Traceback (most recent call last):
  File "/home/asd/PENTEST_AI/agent.py", line 501, in run_non_destructive_phase
    findings = enhance_findings_with_ai_reasoning(findings, context)
               ^^^^^^^^^^^^^^^^^^^^^^^^^^^^^^^^^^^^^^^^^^^^^^^^^^^^^
  File "/home/asd/PENTEST_AI/modules/ai/reasoner.py", line 304, in enhance_findings_with_ai_reasoning
    prioritized_findings = prioritize_findings(correlated_findings, context)
                           ^^^^^^^^^^^^^^^^^^^^^^^^^^^^^^^^^^^^^^^^^^^^^^^^^
  File "/home/asd/PENTEST_AI/modules/ai/reasoner.py", line 150, in prioritize_findings
    risk_score = _calculate_risk_score(finding, context)
                 ^^^^^^^^^^^^^^^^^^^^^^^^^^^^^^^^^^^^^^^
  File "/home/asd/PENTEST_AI/modules/ai/reasoner.py", line 168, in _calculate_risk_score
    target_criticality = _get_target_criticality(finding.get("target", ""), context)
                         ^^^^^^^^^^^^^^^^^^^^^^^^^^^^^^^^^^^^^^^^^^^^^^^^^^^^^^^^^^^
  File "/home/asd/PENTEST_AI/modules/ai/reasoner.py", line 197, in _get_target_criticality
    if any(path in target for path in sensitive_paths):
       ^^^^^^^^^^^^^^^^^^^^^^^^^^^^^^^^^^^^^^^^^^^^^^^
  File "/home/asd/PENTEST_AI/modules/ai/reasoner.py", line 197, in <genexpr>
    if any(path in target for path in sensitive_paths):
           ^^^^^^^^^^^^^^
TypeError: argument of type 'NoneType' is not iterable
2025-11-10 01:24:02,147 INFO Reports written
2025-11-10 01:24:02,148 INFO normalize_pocs executed
2025-11-10 01:24:02,157 INFO map_pocs executed
2025-11-10 01:24:02,159 INFO attach_pocs executed
2025-11-10 01:24:02,160 INFO Summary report generated: runs/testphp.vulnweb.com/run-mhs4qnko-4arej/reports/summary_report.json
2025-11-10 01:24:02,163 INFO Called generate_curated.main successfully
2025-11-10 01:24:02,163 INFO Non-destructive phase complete
